<?xml version="1.0" encoding="UTF-8"?>
<!-- Generated by org.testng.reporters.JUnitReportReporter -->
<testsuite hostname="DESKTOP-OFG5T0A" failures="1" tests="1" name="Stepdefinitions.TestRunner" time="12.215" errors="0" timestamp="2024-09-10T10:56:38 IST" skipped="0">
  <testcase classname="Stepdefinitions.TestRunner" name="runScenario" time="12.215">
    <failure message="valid login expected [https://www.facebook.com] but found [https://www.facebook.com/login/?privacy_mutation_token=eyJ0eXBlIjowLCJjcmVhdGlvbl90aW1lIjoxNzI1OTQ1OTkzLCJjYWxsc2l0ZV9pZCI6MzgxMjI5MDc5NTc1OTQ2fQ%3D%3D&amp;next]" type="java.lang.AssertionError">
      <![CDATA[java.lang.AssertionError: valid login expected [https://www.facebook.com] but found [https://www.facebook.com/login/?privacy_mutation_token=eyJ0eXBlIjowLCJjcmVhdGlvbl90aW1lIjoxNzI1OTQ1OTkzLCJjYWxsc2l0ZV9pZCI6MzgxMjI5MDc5NTc1OTQ2fQ%3D%3D&next]
at org.testng.Assert.fail(Assert.java:111)
at org.testng.Assert.failNotEquals(Assert.java:1578)
at org.testng.Assert.assertEqualsImpl(Assert.java:150)
at org.testng.Assert.assertEquals(Assert.java:132)
at org.testng.Assert.assertEquals(Assert.java:656)
at Stepdefinitions.Loginsteps.user_is_navigated_to_the_home_page(Loginsteps.java:43)
at âœ½.user is navigated to the home page(file:///C:/Users/marc/eclipse-workspace/Cucumberpgm/src/test/resources/Features/login.feature:9)
]]>
    </failure>
  </testcase> <!-- runScenario -->
</testsuite> <!-- Stepdefinitions.TestRunner -->
